
**** Build of configuration Debug for project CONTROLE MOTOR CC ****

"C:\\ti\\ccs1230\\ccs\\utils\\bin\\gmake" -k -j 16 all -O 
 
Building target: "CONTROLE MOTOR CC.out"
Invoking: Arm Linker
"C:/ti/ccs1230/ccs/tools/compiler/ti-cgt-arm_20.2.7.LTS/bin/armcl" -mv7M4 --code_state=16 --float_support=FPv4SPD16 -me --define=ccs="ccs" --define=PART_TM4C123GH6PM -g --gcc --diag_warning=225 --diag_wrap=off --display_error_number --abi=eabi -z -m"CONTROLE MOTOR CC.map" --heap_size=0 --stack_size=512 -i"C:/ti/ccs1230/ccs/tools/compiler/ti-cgt-arm_20.2.7.LTS/lib" -i"C:/ti/ccs1230/ccs/tools/compiler/ti-cgt-arm_20.2.7.LTS/include" --reread_libs --diag_wrap=off --display_error_number --warn_sections --xml_link_info="CONTROLE MOTOR CC_linkInfo.xml" --rom_model -o "CONTROLE MOTOR CC.out" "./Malha_Aberta.obj" "./tm4c123gh6pm_startup_ccs.obj" "../tm4c123gh6pm.cmd"  -llibc.a 
<Linking>
 
 undefined     first referenced  
  symbol           in file       
 ---------     ----------------  
 Clock_Init    ./Malha_Aberta.obj
 PWM1_3_B_Init ./Malha_Aberta.obj
 
error #10234-D: unresolved symbols remain
error #10010: errors encountered during linking; "CONTROLE MOTOR CC.out" not built
 
>> Compilation failure
makefile:136: recipe for target 'CONTROLE MOTOR CC.out' failed
gmake[1]: *** [CONTROLE MOTOR CC.out] Error 1
makefile:132: recipe for target 'all' failed
gmake: *** [all] Error 2

**** Build Finished ****
